ncverilog: 15.20-s039: (c) Copyright 1995-2017 Cadence Design Systems, Inc.
TOOL:	ncverilog	15.20-s039: Started on Oct 26, 2022 at 19:27:37 CST
ncverilog
	Lab3_Team25_Multi_Bank_Memory.v
	Lab3_Team25_Multi_Bank_Memory_t.v
	+access+r
		Caching library 'worklib' ....... Done
	Elaborating the design hierarchy:
	Building instance overlay tables: 
        $dumpvars("+all");
                       |
ncelab: *W,STRINT (./Lab3_Team25_Multi_Bank_Memory_t.v,29|23): String literal argument supplied to integer parameter.
.................... Done
	Generating native compiled code:
		worklib.Multi_Bank_Memory_t:v <0x14dd84d2>
			streams:  10, words: 24256
	Building instance specific data structures.
	Loading native compiled code:     .................... Done
	Design hierarchy summary:
		                 Instances  Unique
		Modules:                68       7
		Primitives:            120       1
		Registers:              94      28
		Scalar wires:           43       -
		Expanded wires:        128      16
		Vectored wires:         27       -
		Always blocks:          47       8
		Initial blocks:         24       9
		Pseudo assignments:     19       7
		Simulation timescale:  1ps
	Writing initial simulation snapshot: worklib.Multi_Bank_Memory_t:v
Loading snapshot worklib.Multi_Bank_Memory_t:v .................... Done
*Verdi* Loading libsscore_ius152.so
ncsim> source /usr/cad/cadence/INCISIV/cur/tools/inca/files/ncsimrc
ncsim> run
Simulation complete via $finish(1) at time 220 NS + 0
./Lab3_Team25_Multi_Bank_Memory_t.v:160         $finish;
ncsim> exit
TOOL:	ncverilog	15.20-s039: Exiting on Oct 26, 2022 at 19:27:42 CST  (total: 00:00:05)
