ncverilog: 15.20-s039: (c) Copyright 1995-2017 Cadence Design Systems, Inc.
TOOL:	ncverilog	15.20-s039: Started on Sep 25, 2022 at 16:40:13 CST
ncverilog
	Lab1_Team25_Crossbar_2x2_4bit_t.v
	Lab1_Team25_Crossbar_2x2_4bit.v
	+access+r
		Caching library 'worklib' ....... Done
	Elaborating the design hierarchy:
	Building instance overlay tables: .
    $dumpvars("+all");
                   |
ncelab: *W,STRINT (./Lab1_Team25_Crossbar_2x2_4bit_t.v,19|19): String literal argument supplied to integer parameter.
................... Done
	Generating native compiled code:
		worklib.Crossbar_2x2_4bit_t:v <0x42a0a6ed>
			streams:   5, words:  3141
	Building instance specific data structures.
	Loading native compiled code:     .................... Done
	Design hierarchy summary:
		                 Instances  Unique
		Modules:                16       6
		Primitives:             45       3
		Registers:               3       3
		Scalar wires:            1       -
		Expanded wires:          8       2
		Initial blocks:          5       5
		Simulation timescale:  1ps
	Writing initial simulation snapshot: worklib.Crossbar_2x2_4bit_t:v
Loading snapshot worklib.Crossbar_2x2_4bit_t:v .................... Done
*Verdi* Loading libsscore_ius152.so
ncsim> source /usr/cad/cadence/INCISIV/cur/tools/inca/files/ncsimrc
ncsim> run
Simulation complete via $finish(1) at time 9 NS + 0
./Lab1_Team25_Crossbar_2x2_4bit_t.v:28     #1 $finish;
ncsim> exit
TOOL:	ncverilog	15.20-s039: Exiting on Sep 25, 2022 at 16:40:16 CST  (total: 00:00:03)
