ncverilog: 15.20-s039: (c) Copyright 1995-2017 Cadence Design Systems, Inc.
TOOL:	ncverilog	15.20-s039: Started on Oct 06, 2022 at 15:56:50 CST
ncverilog
	Adder_t.v
	Lab2_Adders.v
	+access+r
file: Adder_t.v
	module worklib.Adders_t:v
		errors: 0, warnings: 0
file: Lab2_Adders.v
	module worklib.myNot:v
		errors: 0, warnings: 0
	module worklib.myAnd:v
		errors: 0, warnings: 0
	module worklib.myOr:v
		errors: 0, warnings: 0
	module worklib.myNor:v
		errors: 0, warnings: 0
	module worklib.myXor:v
		errors: 0, warnings: 0
	module worklib.myXnor:v
		errors: 0, warnings: 0
	module worklib.Half_Adder:v
		errors: 0, warnings: 0
	module worklib.Majority:v
		errors: 0, warnings: 0
	module worklib.Full_Adder:v
		errors: 0, warnings: 0
		Caching library 'worklib' ....... Done
	Elaborating the design hierarchy:
	Building instance overlay tables: 
        $dumpvars("+all");
                       |
ncelab: *W,STRINT (./Adder_t.v,27|23): String literal argument supplied to integer parameter.
.................... Done
	Generating native compiled code:
		worklib.Adders_t:v <0x6ae2b825>
			streams:   5, words:  2645
	Building instance specific data structures.
	Loading native compiled code:     .................... Done
	Design hierarchy summary:
		                 Instances  Unique
		Modules:                65      10
		Primitives:             55       1
		Registers:               3       3
		Scalar wires:            6       -
		Initial blocks:          5       5
		Simulation timescale:  1ps
	Writing initial simulation snapshot: worklib.Adders_t:v
Loading snapshot worklib.Adders_t:v .................... Done
*Verdi* Loading libsscore_ius152.so
ncsim> source /usr/cad/cadence/INCISIV/cur/tools/inca/files/ncsimrc
ncsim> run
Simulation complete via $finish(1) at time 9 NS + 0
./Adder_t.v:34         #1 $finish;
ncsim> exit
TOOL:	ncverilog	15.20-s039: Exiting on Oct 06, 2022 at 15:56:54 CST  (total: 00:00:04)
