ncverilog: 15.20-s039: (c) Copyright 1995-2017 Cadence Design Systems, Inc.
TOOL:	ncverilog	15.20-s039: Started on Nov 03, 2022 at 09:01:24 CST
ncverilog
	Lab3_Team25_Parameterized_Ping_Pong_Counter.v
	Lab3_Team31_Parameterized_Ping_Pong_Counter_t.v
	+access+r
Recompiling... reason: file './Lab3_Team25_Parameterized_Ping_Pong_Counter.v' is newer than expected.
	expected: Thu Nov  3 08:54:26 2022
	actual:   Thu Nov  3 08:58:38 2022
file: Lab3_Team31_Parameterized_Ping_Pong_Counter_t.v
	module worklib.Parameterized_Ping_Pong_Counter_t:v
		errors: 0, warnings: 0
		Caching library 'worklib' ....... Done
	Elaborating the design hierarchy:
	Building instance overlay tables: ..........
	$dumpvars("+all");
	               |
ncelab: *W,STRINT (./Lab3_Team31_Parameterized_Ping_Pong_Counter_t.v,29|16): String literal argument supplied to integer parameter.
.......... Done
	Generating native compiled code:
		worklib.Parameterized_Ping_Pong_Counter_t:v <0x75269e18>
			streams:   9, words: 10033
	Building instance specific data structures.
	Loading native compiled code:     .................... Done
	Design hierarchy summary:
		                 Instances  Unique
		Modules:                 2       2
		Registers:              10      10
		Scalar wires:            5       -
		Vectored wires:          3       -
		Always blocks:           3       3
		Initial blocks:          8       8
		Simulation timescale:  1ps
	Writing initial simulation snapshot: worklib.Parameterized_Ping_Pong_Counter_t:v
Loading snapshot worklib.Parameterized_Ping_Pong_Counter_t:v .................... Done
*Verdi* Loading libsscore_ius152.so
ncsim> source /usr/cad/cadence/INCISIV/cur/tools/inca/files/ncsimrc
ncsim> run
Simulation complete via $finish(1) at time 938 NS + 0
./Lab3_Team31_Parameterized_Ping_Pong_Counter_t.v:93     $finish;
ncsim> exit
TOOL:	ncverilog	15.20-s039: Exiting on Nov 03, 2022 at 09:01:28 CST  (total: 00:00:04)
