ncverilog: 15.20-s039: (c) Copyright 1995-2017 Cadence Design Systems, Inc.
TOOL:	ncverilog	15.20-s039: Started on Oct 14, 2022 at 22:27:49 CST
ncverilog
	Lab3_Team25_Round_Robin_FIFO_Arbiter_t.v
	Lab3_Team25_Round_Robin_FIFO_Arbiter.v
	+access+r
Recompiling... reason: file './Lab3_Team25_Round_Robin_FIFO_Arbiter.v' is newer than expected.
	expected: Fri Oct 14 22:19:01 2022
	actual:   Fri Oct 14 22:26:18 2022
file: Lab3_Team25_Round_Robin_FIFO_Arbiter.v
	module worklib.FIFO_8:v
		errors: 0, warnings: 0
		Caching library 'worklib' ....... Done
	Elaborating the design hierarchy:
	Building instance overlay tables: .
        $dumpvars("+all");
                       |
ncelab: *W,STRINT (./Lab3_Team25_Round_Robin_FIFO_Arbiter_t.v,33|23): String literal argument supplied to integer parameter.
................... Done
	Generating native compiled code:
		worklib.FIFO_8:v <0x18064fd5>
			streams:  10, words:  5218
		worklib.Round_Robin_FIFO_Arbiter_t:v <0x77c4dd58>
			streams:  11, words: 15351
	Building instance specific data structures.
	Loading native compiled code:     .................... Done
	Design hierarchy summary:
		                 Instances  Unique
		Modules:                15       5
		Primitives:             24       1
		Registers:              41      17
		Scalar wires:           19       -
		Expanded wires:         36       5
		Vectored wires:          6       -
		Always blocks:          10       4
		Initial blocks:          9       9
		Cont. assignments:       2       9
		Pseudo assignments:      1       1
		Simulation timescale:  1ps
	Writing initial simulation snapshot: worklib.Round_Robin_FIFO_Arbiter_t:v
Loading snapshot worklib.Round_Robin_FIFO_Arbiter_t:v .................... Done
*Verdi* Loading libsscore_ius152.so
ncsim> source /usr/cad/cadence/INCISIV/cur/tools/inca/files/ncsimrc
ncsim> run
Simulation complete via $finish(1) at time 100 NS + 0
./Lab3_Team25_Round_Robin_FIFO_Arbiter_t.v:101         $finish;
ncsim> exit
TOOL:	ncverilog	15.20-s039: Exiting on Oct 14, 2022 at 22:27:53 CST  (total: 00:00:04)
