ncverilog: 15.20-s039: (c) Copyright 1995-2017 Cadence Design Systems, Inc.
TOOL:	ncverilog	15.20-s039: Started on Nov 23, 2022 at 22:39:47 CST
ncverilog
	Lab5_Team25_Booth_Multiplier_4bit.v
	+access+r
file: Lab5_Team25_Booth_Multiplier_4bit.v
	module worklib.Booth_Multiplier_4bit:v
		errors: 0, warnings: 0
		Caching library 'worklib' ....... Done
	Elaborating the design hierarchy:
	Building instance overlay tables: .................... Done
	Generating native compiled code:
		worklib.Booth_Multiplier_4bit:v <0x2b05e87b>
			streams:   7, words:  3168
	Building instance specific data structures.
	Loading native compiled code:     .................... Done
	Design hierarchy summary:
		                 Instances  Unique
		Modules:                 1       1
		Registers:               9       9
		Scalar wires:            1       -
		Vectored wires:          5       -
		Always blocks:           2       2
		Cont. assignments:       3       3
		Simulation timescale:  1ps
	Writing initial simulation snapshot: worklib.Booth_Multiplier_4bit:v
Loading snapshot worklib.Booth_Multiplier_4bit:v .................... Done
*Verdi* Loading libsscore_ius152.so
ncsim> source /usr/cad/cadence/INCISIV/cur/tools/inca/files/ncsimrc
ncsim> run
ncsim: *W,RNQUIE: Simulation is complete.
ncsim> exit
TOOL:	ncverilog	15.20-s039: Exiting on Nov 23, 2022 at 22:39:50 CST  (total: 00:00:03)
