ncverilog: 15.20-s039: (c) Copyright 1995-2017 Cadence Design Systems, Inc.
TOOL:	ncverilog	15.20-s039: Started on Nov 03, 2022 at 13:47:31 CST
ncverilog
	q1_t.v
	q1.v
	+access+r
Recompiling... reason: file './q1.v' is newer than expected.
	expected: Thu Nov  3 01:51:57 2022
	actual:   Thu Nov  3 13:44:52 2022
file: q1_t.v
	module worklib.moore_machine_t:v
		errors: 0, warnings: 0
		Caching library 'worklib' ....... Done
	Elaborating the design hierarchy:
	Building instance overlay tables: ..........
        $dumpvars("+all");
                       |
ncelab: *W,STRINT (./q1_t.v,25|23): String literal argument supplied to integer parameter.
.......... Done
	Generating native compiled code:
		worklib.moore_machine_t:v <0x11770082>
			streams:   7, words:  3739
	Building instance specific data structures.
	Loading native compiled code:     .................... Done
	Design hierarchy summary:
		                 Instances  Unique
		Modules:                 2       2
		Registers:               6       6
		Scalar wires:            3       -
		Vectored wires:          2       -
		Always blocks:           3       3
		Initial blocks:          5       5
		Pseudo assignments:      1       1
		Simulation timescale:  1ps
	Writing initial simulation snapshot: worklib.moore_machine_t:v
Loading snapshot worklib.moore_machine_t:v .................... Done
*Verdi* Loading libsscore_ius152.so
ncsim> source /usr/cad/cadence/INCISIV/cur/tools/inca/files/ncsimrc
ncsim> run
Simulation complete via $finish(1) at time 330 NS + 0
./q1_t.v:35         $finish;
ncsim> exit
TOOL:	ncverilog	15.20-s039: Exiting on Nov 03, 2022 at 13:47:36 CST  (total: 00:00:05)
