ncverilog: 15.20-s039: (c) Copyright 1995-2017 Cadence Design Systems, Inc.
TOOL:	ncverilog	15.20-s039: Started on Nov 09, 2022 at 23:49:53 CST
ncverilog
	Lab4_Team25_Mealy_Sequence_Detector_t.v
	Lab4_Team25_Mealy_Sequence_Detector.v
	+access+r
Recompiling... reason: file './Lab4_Team25_Mealy_Sequence_Detector.v' is newer than expected.
	expected: Sun Nov  6 23:21:51 2022
	actual:   Wed Nov  9 23:46:59 2022
file: Lab4_Team25_Mealy_Sequence_Detector_t.v
	module worklib.mealy_t:v
		errors: 0, warnings: 0
		Caching library 'worklib' ....... Done
	Elaborating the design hierarchy:
	Building instance overlay tables: ..........
        $dumpvars("+all");
                       |
ncelab: *W,STRINT (./Lab4_Team25_Mealy_Sequence_Detector_t.v,22|23): String literal argument supplied to integer parameter.
.......... Done
	Generating native compiled code:
		worklib.mealy_t:v <0x2acbf8cd>
			streams:   7, words: 47455
	Building instance specific data structures.
	Loading native compiled code:     .................... Done
	Design hierarchy summary:
		                 Instances  Unique
		Modules:                 2       2
		Registers:               6       6
		Scalar wires:            4       -
		Always blocks:           4       4
		Initial blocks:          5       5
		Pseudo assignments:      1       1
		Simulation timescale:  1ps
	Writing initial simulation snapshot: worklib.mealy_t:v
Loading snapshot worklib.mealy_t:v .................... Done
*Verdi* Loading libsscore_ius152.so
ncsim> source /usr/cad/cadence/INCISIV/cur/tools/inca/files/ncsimrc
ncsim> run
Simulation complete via $finish(1) at time 860 NS + 0
./Lab4_Team25_Mealy_Sequence_Detector_t.v:140         @(negedge clk) $finish;
ncsim> exit
TOOL:	ncverilog	15.20-s039: Exiting on Nov 09, 2022 at 23:49:58 CST  (total: 00:00:05)
