ncverilog: 15.20-s039: (c) Copyright 1995-2017 Cadence Design Systems, Inc.
TOOL:	ncverilog	15.20-s039: Started on Nov 06, 2022 at 18:47:59 CST
ncverilog
	Clock_Divider_t.v
	Lab3_Clock_Divider.v
	+access+r
Recompiling... reason: file './Clock_Divider_t.v' is newer than expected.
	expected: Wed Nov  2 17:01:45 2022
	actual:   Sun Nov  6 18:32:19 2022
		Caching library 'worklib' ....... Done
	Elaborating the design hierarchy:
	Building instance overlay tables: .................... Done
	Building instance specific data structures.
	Loading native compiled code:     .................... Done
	Design hierarchy summary:
		                 Instances  Unique
		Modules:                 2       2
		Registers:              13      13
		Scalar wires:            7       -
		Vectored wires:          1       -
		Always blocks:           4       4
		Initial blocks:          5       5
		Cont. assignments:       4       4
		Pseudo assignments:      1       1
		Simulation timescale:  1ps
	Writing initial simulation snapshot: worklib.Clock_Divider_t:v
Loading snapshot worklib.Clock_Divider_t:v .................... Done
*Verdi* Loading libsscore_ius152.so
ncsim> source /usr/cad/cadence/INCISIV/cur/tools/inca/files/ncsimrc
ncsim> run
Simulation complete via $finish(1) at time 226 NS + 0
./Clock_Divider_t.v:45 	#1 $finish;
ncsim> exit
TOOL:	ncverilog	15.20-s039: Exiting on Nov 06, 2022 at 18:48:03 CST  (total: 00:00:04)
